Arguments: 
  /usr/local/bin/node /usr/local/bin/yarn add react

PATH: 
  /Library/Frameworks/Python.framework/Versions/3.8/bin:/usr/local/bin:/usr/bin:/bin:/usr/sbin:/sbin:/Users/wolee111/Desktop/project/local-api/node_modules/.bin

Yarn version: 
  1.22.17

Node version: 
  16.13.1

Platform: 
  darwin x64

Trace: 
  Error: unable to get local issuer certificate
      at TLSSocket.onConnectSecure (node:_tls_wrap:1530:34)
      at TLSSocket.emit (node:events:390:28)
      at TLSSocket._finishInit (node:_tls_wrap:944:8)
      at TLSWrap.ssl.onhandshakedone (node:_tls_wrap:725:12)

npm manifest: 
  {
    "name": "client",
    "version": "1.0.0",
    "main": "index.js",
    "license": "MIT"
  }

yarn manifest: 
  No manifest

Lockfile: 
  No lockfile
